Determining if the pthread_create exist failed with the following output:
Change Dir: /home/paul/Documents/git_projects/tstr/build/CMakeFiles/CMakeTmp

Run Build Command:"/usr/bin/make" "cmTC_65874/fast"
/usr/bin/make -f CMakeFiles/cmTC_65874.dir/build.make CMakeFiles/cmTC_65874.dir/build
make[1]: Entering directory '/home/paul/Documents/git_projects/tstr/build/CMakeFiles/CMakeTmp'
Building C object CMakeFiles/cmTC_65874.dir/CheckSymbolExists.c.o
/usr/bin/cc    -o CMakeFiles/cmTC_65874.dir/CheckSymbolExists.c.o   -c /home/paul/Documents/git_projects/tstr/build/CMakeFiles/CMakeTmp/CheckSymbolExists.c
Linking C executable cmTC_65874
/usr/bin/cmake -E cmake_link_script CMakeFiles/cmTC_65874.dir/link.txt --verbose=1
/usr/bin/cc      CMakeFiles/cmTC_65874.dir/CheckSymbolExists.c.o  -o cmTC_65874 
CMakeFiles/cmTC_65874.dir/CheckSymbolExists.c.o: In function `main':
CheckSymbolExists.c:(.text+0x1b): undefined reference to `pthread_create'
collect2: error: ld returned 1 exit status
CMakeFiles/cmTC_65874.dir/build.make:97: recipe for target 'cmTC_65874' failed
make[1]: *** [cmTC_65874] Error 1
make[1]: Leaving directory '/home/paul/Documents/git_projects/tstr/build/CMakeFiles/CMakeTmp'
Makefile:126: recipe for target 'cmTC_65874/fast' failed
make: *** [cmTC_65874/fast] Error 2

File /home/paul/Documents/git_projects/tstr/build/CMakeFiles/CMakeTmp/CheckSymbolExists.c:
/* */
#include <pthread.h>

int main(int argc, char** argv)
{
  (void)argv;
#ifndef pthread_create
  return ((int*)(&pthread_create))[argc];
#else
  (void)argc;
  return 0;
#endif
}

Determining if the function pthread_create exists in the pthreads failed with the following output:
Change Dir: /home/paul/Documents/git_projects/tstr/build/CMakeFiles/CMakeTmp

Run Build Command:"/usr/bin/make" "cmTC_f1149/fast"
/usr/bin/make -f CMakeFiles/cmTC_f1149.dir/build.make CMakeFiles/cmTC_f1149.dir/build
make[1]: Entering directory '/home/paul/Documents/git_projects/tstr/build/CMakeFiles/CMakeTmp'
Building C object CMakeFiles/cmTC_f1149.dir/CheckFunctionExists.c.o
/usr/bin/cc   -DCHECK_FUNCTION_EXISTS=pthread_create   -o CMakeFiles/cmTC_f1149.dir/CheckFunctionExists.c.o   -c /usr/share/cmake-3.10/Modules/CheckFunctionExists.c
Linking C executable cmTC_f1149
/usr/bin/cmake -E cmake_link_script CMakeFiles/cmTC_f1149.dir/link.txt --verbose=1
/usr/bin/cc  -DCHECK_FUNCTION_EXISTS=pthread_create    CMakeFiles/cmTC_f1149.dir/CheckFunctionExists.c.o  -o cmTC_f1149 -lpthreads 
/usr/bin/ld: cannot find -lpthreads
collect2: error: ld returned 1 exit status
CMakeFiles/cmTC_f1149.dir/build.make:97: recipe for target 'cmTC_f1149' failed
make[1]: *** [cmTC_f1149] Error 1
make[1]: Leaving directory '/home/paul/Documents/git_projects/tstr/build/CMakeFiles/CMakeTmp'
Makefile:126: recipe for target 'cmTC_f1149/fast' failed
make: *** [cmTC_f1149/fast] Error 2


